<?xml version="1.0" encoding="UTF-8"?>
<robot generator="Robot 5.0.1 (Python 3.10.7 on win32)" generated="20230727 10:58:20.992" rpa="false" schemaversion="3">
<suite id="s1" name="Sign In Form UBT-RECRQTP-0003" source="C:\Users\pader\PycharmProjects\RAVEN\RECRPRO\Tests\UserModule\Sign_In_Form_UBT-RECRQTP-0003.robot">
<kw name="Begin Web Test" library="Common" type="SETUP">
<kw name="Run Keyword If" library="BuiltIn">
<arg>'${BROWSER_MODE}' == 'headless'</arg>
<arg>Open Browser In Headless Mode</arg>
<arg>ELSE</arg>
<arg>Open Browser</arg>
<arg>about:blank</arg>
<arg>${BROWSER}</arg>
<doc>Runs the given keyword with the given arguments, if ``condition`` is true.</doc>
<kw name="Open Browser In Headless Mode" library="Common">
<kw name="Evaluate" library="BuiltIn">
<var>${options}</var>
<arg>sys.modules['selenium.webdriver'].ChromeOptions()</arg>
<arg>sys, selenium.webdriver</arg>
<doc>Evaluates the given expression in Python and returns the result.</doc>
<msg timestamp="20230727 10:58:21.535" level="INFO">${options} = &lt;selenium.webdriver.chrome.options.Options object at 0x000001A57B496DD0&gt;</msg>
<status status="PASS" starttime="20230727 10:58:21.535" endtime="20230727 10:58:21.535"/>
</kw>
<kw name="Call Method" library="BuiltIn">
<arg>${options}</arg>
<arg>add_argument</arg>
<arg>--headless</arg>
<doc>Calls the named method of the given object with the provided arguments.</doc>
<status status="PASS" starttime="20230727 10:58:21.535" endtime="20230727 10:58:21.535"/>
</kw>
<kw name="Create Webdriver" library="SeleniumLibrary">
<arg>Chrome</arg>
<arg>chrome_options=${options}</arg>
<doc>Creates an instance of Selenium WebDriver.</doc>
<msg timestamp="20230727 10:58:21.535" level="INFO">Creating an instance of the Chrome WebDriver.</msg>
<msg timestamp="20230727 10:58:24.752" level="INFO">Cannot capture screenshot because no browser is open.</msg>
<msg timestamp="20230727 10:58:24.752" level="FAIL">SessionNotCreatedException: Message: session not created: This version of ChromeDriver only supports Chrome version 113
Current browser version is 115.0.5790.110 with binary path C:\Program Files\Google\Chrome\Application\chrome.exe
Stacktrace:
Backtrace:
	GetHandleVerifier [0x009C8893+48451]
	(No symbol) [0x0095B8A1]
	(No symbol) [0x00865058]
	(No symbol) [0x00885D9C]
	(No symbol) [0x00881AA3]
	(No symbol) [0x00880019]
	(No symbol) [0x008B0798]
	(No symbol) [0x008B047C]
	(No symbol) [0x008AA0B6]
	(No symbol) [0x00887E08]
	(No symbol) [0x00888F2D]
	GetHandleVerifier [0x00C28E3A+2540266]
	GetHandleVerifier [0x00C68959+2801161]
	GetHandleVerifier [0x00C6295C+2776588]
	GetHandleVerifier [0x00A52280+612144]
	(No symbol) [0x00964F6C]
	(No symbol) [0x009611D8]
	(No symbol) [0x009612BB]
	(No symbol) [0x00954857]
	BaseThreadInitThunk [0x75C47D59+25]
	RtlInitializeExceptionChain [0x77BDB79B+107]
	RtlClearBits [0x77BDB71F+191]
</msg>
<status status="FAIL" starttime="20230727 10:58:21.535" endtime="20230727 10:58:24.855"/>
</kw>
<status status="FAIL" starttime="20230727 10:58:21.535" endtime="20230727 10:58:24.861"/>
</kw>
<status status="FAIL" starttime="20230727 10:58:21.535" endtime="20230727 10:58:24.861"/>
</kw>
<kw name="Set Window Size" library="SeleniumLibrary">
<arg>${1920}</arg>
<arg>${1200}</arg>
<doc>Sets current windows size to given ``width`` and ``height``.</doc>
<status status="NOT RUN" starttime="20230727 10:58:24.861" endtime="20230727 10:58:24.861"/>
</kw>
<status status="FAIL" starttime="20230727 10:58:21.535" endtime="20230727 10:58:24.861"/>
</kw>
<test id="s1-t1" name="Scenario #1 RECRQTP-10 Sign Up - Happy Flow" line="17">
<doc>Valid Input</doc>
<tag>UBT</tag>
<status status="FAIL" starttime="20230727 10:58:24.861" endtime="20230727 10:58:24.865">Parent suite setup failed:
SessionNotCreatedException: Message: session not created: This version of ChromeDriver only supports Chrome version 113
Current browser version is 115.0.5790.110 with binary path C:\Program Files\Google\Chrome\Application\chrome.exe
Stacktrace:
Backtrace:
	GetHandleVerifier [0x009C8893+48451]
	(No symbol) [0x0095B8A1]
	(No symbol) [0x00865058]
	(No symbol) [0x00885D9C]
	(No symbol) [0x00881AA3]
	(No symbol) [0x00880019]
	(No symbol) [0x008B0798]
	(No symbol) [0x008B047C]
	(No symbol) [0x008AA0B6]
	(No symbol) [0x00887E08]
	(No symbol) [0x00888F2D]
	GetHandleVerifier [0x00C28E3A+2540266]
	GetHandleVerifier [0x00C68959+2801161]
	GetHandleVerifier [0x00C6295C+2776588]
	GetHandleVerifier [0x00A52280+612144]
	(No symbol) [0x00964F6C]
	(No symbol) [0x009611D8]
	(No symbol) [0x009612BB]
	(No symbol) [0x00954857]
	BaseThreadInitThunk [0x75C47D59+25]
	RtlInitializeExceptionChain [0x77BDB79B+107]
	RtlClearBits [0x77BDB71F+191]
</status>
</test>
<kw name="End Web Test" library="Common" type="TEARDOWN">
<kw name="Close All Browsers" library="SeleniumLibrary">
<doc>Closes all open browsers and resets the browser cache.</doc>
<status status="PASS" starttime="20230727 10:58:24.866" endtime="20230727 10:58:24.866"/>
</kw>
<status status="PASS" starttime="20230727 10:58:24.866" endtime="20230727 10:58:24.866"/>
</kw>
<doc>Test cases of Sign Up Form for Company Users</doc>
<status status="FAIL" starttime="20230727 10:58:20.994" endtime="20230727 10:58:24.866">Suite setup failed:
SessionNotCreatedException: Message: session not created: This version of ChromeDriver only supports Chrome version 113
Current browser version is 115.0.5790.110 with binary path C:\Program Files\Google\Chrome\Application\chrome.exe
Stacktrace:
Backtrace:
	GetHandleVerifier [0x009C8893+48451]
	(No symbol) [0x0095B8A1]
	(No symbol) [0x00865058]
	(No symbol) [0x00885D9C]
	(No symbol) [0x00881AA3]
	(No symbol) [0x00880019]
	(No symbol) [0x008B0798]
	(No symbol) [0x008B047C]
	(No symbol) [0x008AA0B6]
	(No symbol) [0x00887E08]
	(No symbol) [0x00888F2D]
	GetHandleVerifier [0x00C28E3A+2540266]
	GetHandleVerifier [0x00C68959+2801161]
	GetHandleVerifier [0x00C6295C+2776588]
	GetHandleVerifier [0x00A52280+612144]
	(No symbol) [0x00964F6C]
	(No symbol) [0x009611D8]
	(No symbol) [0x009612BB]
	(No symbol) [0x00954857]
	BaseThreadInitThunk [0x75C47D59+25]
	RtlInitializeExceptionChain [0x77BDB79B+107]
	RtlClearBits [0x77BDB71F+191]
</status>
</suite>
<statistics>
<total>
<stat pass="0" fail="1" skip="0">All Tests</stat>
</total>
<tag>
<stat pass="0" fail="1" skip="0">UBT</stat>
</tag>
<suite>
<stat pass="0" fail="1" skip="0" id="s1" name="Sign In Form UBT-RECRQTP-0003">Sign In Form UBT-RECRQTP-0003</stat>
</suite>
</statistics>
<errors>
<msg timestamp="20230727 10:58:21.519" level="ERROR">Error in file 'C:\Users\pader\PycharmProjects\RAVEN\RECRPRO\Resources\Register-Company.robot' on line 4: Resource file '..\Common.robot' does not exist.</msg>
<msg timestamp="20230727 10:58:21.527" level="ERROR">Error in file 'C:\Users\pader\PycharmProjects\RAVEN\RECRPRO\Resources\Register-Company.robot' on line 5: Variable file '..\Elements\Register.py' does not exist.</msg>
<msg timestamp="20230727 10:58:21.527" level="ERROR">Error in file 'C:\Users\pader\PycharmProjects\RAVEN\RECRPRO\Resources\Register-Company.robot' on line 9: Variable file '..\Elements\Register.py' does not exist.</msg>
<msg timestamp="20230727 10:58:21.527" level="ERROR">Error in file 'C:\Users\pader\PycharmProjects\RAVEN\RECRPRO\Resources\Register-Company.robot' on line 10: Variable file '..\..\Resources\Elements\Register.py' does not exist.</msg>
</errors>
</robot>
